Nov 21, 2012 10:11:50 PM org.apache.solr.core.SolrResourceLoader locateSolrHome
INFO: JNDI not configured for solr (NoInitialContextEx)
Nov 21, 2012 10:11:50 PM org.apache.solr.core.SolrResourceLoader locateSolrHome
INFO: using system property solr.solr.home: C:/projects/speckles/solr
Nov 21, 2012 10:11:50 PM org.apache.solr.core.SolrResourceLoader <init>
INFO: Solr home set to 'C:/projects/speckles/solr\'
Nov 21, 2012 10:11:50 PM org.apache.solr.servlet.SolrDispatchFilter init
INFO: SolrDispatchFilter.init()
Nov 21, 2012 10:11:50 PM org.apache.solr.core.SolrResourceLoader locateSolrHome
INFO: JNDI not configured for solr (NoInitialContextEx)
Nov 21, 2012 10:11:50 PM org.apache.solr.core.SolrResourceLoader locateSolrHome
INFO: using system property solr.solr.home: C:/projects/speckles/solr
Nov 21, 2012 10:11:50 PM org.apache.solr.core.CoreContainer$Initializer initialize
INFO: looking for solr.xml: C:\projects\speckles\solr\solr.xml
Nov 21, 2012 10:11:50 PM org.apache.solr.core.SolrResourceLoader locateSolrHome
INFO: JNDI not configured for solr (NoInitialContextEx)
Nov 21, 2012 10:11:50 PM org.apache.solr.core.SolrResourceLoader locateSolrHome
INFO: using system property solr.solr.home: C:/projects/speckles/solr
Nov 21, 2012 10:11:50 PM org.apache.solr.core.CoreContainer <init>
INFO: New CoreContainer: solrHome=C:/projects/speckles/solr\ instance=13404097
Nov 21, 2012 10:11:50 PM org.apache.solr.core.SolrResourceLoader <init>
INFO: Solr home set to 'C:/projects/speckles/solr\'
Nov 21, 2012 10:11:50 PM org.apache.solr.core.SolrResourceLoader <init>
INFO: Solr home set to 'C:\projects\speckles\solr\.\'
Nov 21, 2012 10:11:50 PM org.apache.solr.core.SolrConfig initLibs
INFO: Adding specified lib dirs to ClassLoader
Nov 21, 2012 10:11:50 PM org.apache.solr.core.Config getLuceneVersion
WARNING: the luceneMatchVersion is not specified, defaulting to LUCENE_24 emulation. You should at some point declare and reindex to at least 3.0, because 2.4 emulation is deprecated and will be removed in 4.0. This parameter will be mandatory in 4.0.
Nov 21, 2012 10:11:50 PM org.apache.solr.core.SolrConfig <init>
INFO: Using Lucene MatchVersion: LUCENE_24
Nov 21, 2012 10:11:50 PM org.apache.solr.core.SolrConfig <init>
WARNING: Deprecated syntax found. <highlighting/> should move to <searchComponent/>
Nov 21, 2012 10:11:50 PM org.apache.solr.core.SolrConfig <init>
INFO: Loaded SolrConfig: solrconfig.xml
Nov 21, 2012 10:11:50 PM org.apache.solr.schema.IndexSchema readSchema
INFO: Reading Solr Schema
Nov 21, 2012 10:11:50 PM org.apache.solr.schema.IndexSchema readSchema
INFO: Schema name=sunspot
Nov 21, 2012 10:11:50 PM org.apache.solr.util.plugin.AbstractPluginLoader load
INFO: created string: org.apache.solr.schema.StrField
Nov 21, 2012 10:11:50 PM org.apache.solr.util.plugin.AbstractPluginLoader load
INFO: created tdouble: org.apache.solr.schema.TrieDoubleField
Nov 21, 2012 10:11:50 PM org.apache.solr.util.plugin.AbstractPluginLoader load
INFO: created rand: org.apache.solr.schema.RandomSortField
Nov 21, 2012 10:11:50 PM org.apache.solr.util.plugin.AbstractPluginLoader load
INFO: created : org.apache.solr.analysis.StandardTokenizerFactory
Nov 21, 2012 10:11:50 PM org.apache.solr.analysis.BaseTokenStreamFactory assureMatchVersion
WARNING: StandardTokenizerFactory is using deprecated LUCENE_24 emulation. You should at some point declare and reindex to at least 3.0, because 2.x emulation is deprecated and will be removed in 4.0
Nov 21, 2012 10:11:50 PM org.apache.solr.util.plugin.AbstractPluginLoader load
INFO: created : org.apache.solr.analysis.StandardFilterFactory
Nov 21, 2012 10:11:50 PM org.apache.solr.analysis.BaseTokenStreamFactory assureMatchVersion
WARNING: StandardFilterFactory is using deprecated LUCENE_24 emulation. You should at some point declare and reindex to at least 3.0, because 2.x emulation is deprecated and will be removed in 4.0
Nov 21, 2012 10:11:50 PM org.apache.solr.util.plugin.AbstractPluginLoader load
INFO: created : org.apache.solr.analysis.LowerCaseFilterFactory
Nov 21, 2012 10:11:50 PM org.apache.solr.analysis.BaseTokenStreamFactory assureMatchVersion
WARNING: LowerCaseFilterFactory is using deprecated LUCENE_24 emulation. You should at some point declare and reindex to at least 3.0, because 2.x emulation is deprecated and will be removed in 4.0
Nov 21, 2012 10:11:50 PM org.apache.solr.util.plugin.AbstractPluginLoader load
INFO: created : org.apache.solr.analysis.PorterStemFilterFactory
Nov 21, 2012 10:11:50 PM org.apache.solr.util.plugin.AbstractPluginLoader load
INFO: created text: org.apache.solr.schema.TextField
Nov 21, 2012 10:11:50 PM org.apache.solr.util.plugin.AbstractPluginLoader load
INFO: created boolean: org.apache.solr.schema.BoolField
Nov 21, 2012 10:11:50 PM org.apache.solr.util.plugin.AbstractPluginLoader load
INFO: created date: org.apache.solr.schema.DateField
Nov 21, 2012 10:11:50 PM org.apache.solr.util.plugin.AbstractPluginLoader load
INFO: created sdouble: org.apache.solr.schema.SortableDoubleField
Nov 21, 2012 10:11:50 PM org.apache.solr.util.plugin.AbstractPluginLoader load
INFO: created sfloat: org.apache.solr.schema.SortableFloatField
Nov 21, 2012 10:11:51 PM org.apache.solr.util.plugin.AbstractPluginLoader load
INFO: created sint: org.apache.solr.schema.SortableIntField
Nov 21, 2012 10:11:51 PM org.apache.solr.util.plugin.AbstractPluginLoader load
INFO: created slong: org.apache.solr.schema.SortableLongField
Nov 21, 2012 10:11:51 PM org.apache.solr.util.plugin.AbstractPluginLoader load
INFO: created tint: org.apache.solr.schema.TrieIntField
Nov 21, 2012 10:11:51 PM org.apache.solr.util.plugin.AbstractPluginLoader load
INFO: created tfloat: org.apache.solr.schema.TrieFloatField
Nov 21, 2012 10:11:51 PM org.apache.solr.util.plugin.AbstractPluginLoader load
INFO: created tdate: org.apache.solr.schema.TrieDateField
Nov 21, 2012 10:11:51 PM org.apache.solr.schema.IndexSchema readSchema
INFO: default search field is text
Nov 21, 2012 10:11:51 PM org.apache.solr.schema.IndexSchema readSchema
INFO: query parser default operator is AND
Nov 21, 2012 10:11:51 PM org.apache.solr.schema.IndexSchema readSchema
INFO: unique key field: id
Nov 21, 2012 10:11:51 PM org.apache.solr.core.SolrCore <init>
INFO: [] Opening new SolrCore at C:\projects\speckles\solr\.\, dataDir=C:/projects/speckles/solr/data/development\
Nov 21, 2012 10:11:51 PM org.apache.solr.core.JmxMonitoredMap <init>
INFO: No JMX servers found, not exposing Solr information with JMX.
Nov 21, 2012 10:11:51 PM org.apache.solr.core.SolrCore initListeners
INFO: [] Added SolrEventListener for newSearcher: org.apache.solr.core.QuerySenderListener{queries=[]}
Nov 21, 2012 10:11:51 PM org.apache.solr.core.SolrCore initListeners
INFO: [] Added SolrEventListener for firstSearcher: org.apache.solr.core.QuerySenderListener{queries=[{q=solr rocks,start=0,rows=10}, {q=static firstSearcher warming query from solrconfig.xml}]}
Nov 21, 2012 10:11:51 PM org.apache.solr.request.XSLTResponseWriter <init>
WARNING: org.apache.solr.request.XSLTResponseWriter is deprecated. Please use the corresponding class in org.apache.solr.response
Nov 21, 2012 10:11:51 PM org.apache.solr.response.XSLTResponseWriter init
INFO: xsltCacheLifetimeSeconds=5
Nov 21, 2012 10:11:51 PM org.apache.solr.core.RequestHandlers initHandlersFromConfig
INFO: created standard: solr.SearchHandler
Nov 21, 2012 10:11:51 PM org.apache.solr.core.RequestHandlers initHandlersFromConfig
INFO: created dismax: solr.SearchHandler
Nov 21, 2012 10:11:51 PM org.apache.solr.core.RequestHandlers initHandlersFromConfig
INFO: created partitioned: solr.SearchHandler
Nov 21, 2012 10:11:51 PM org.apache.solr.core.RequestHandlers initHandlersFromConfig
INFO: created /spell: solr.SearchHandler
Nov 21, 2012 10:11:51 PM org.apache.solr.core.RequestHandlers initHandlersFromConfig
INFO: created tvrh: org.apache.solr.handler.component.SearchHandler
Nov 21, 2012 10:11:51 PM org.apache.solr.core.RequestHandlers initHandlersFromConfig
INFO: adding lazy requestHandler: org.apache.solr.handler.extraction.ExtractingRequestHandler
Nov 21, 2012 10:11:51 PM org.apache.solr.core.RequestHandlers initHandlersFromConfig
INFO: created /update/extract: org.apache.solr.handler.extraction.ExtractingRequestHandler
Nov 21, 2012 10:11:51 PM org.apache.solr.core.RequestHandlers initHandlersFromConfig
INFO: created /terms: org.apache.solr.handler.component.SearchHandler
Nov 21, 2012 10:11:51 PM org.apache.solr.core.RequestHandlers initHandlersFromConfig
INFO: adding lazy requestHandler: solr.SearchHandler
Nov 21, 2012 10:11:51 PM org.apache.solr.core.RequestHandlers initHandlersFromConfig
INFO: created /elevate: solr.SearchHandler
Nov 21, 2012 10:11:51 PM org.apache.solr.core.RequestHandlers initHandlersFromConfig
INFO: created /update: solr.XmlUpdateRequestHandler
Nov 21, 2012 10:11:51 PM org.apache.solr.core.RequestHandlers initHandlersFromConfig
INFO: created /update/javabin: solr.BinaryUpdateRequestHandler
Nov 21, 2012 10:11:51 PM org.apache.solr.core.RequestHandlers initHandlersFromConfig
INFO: created /analysis/document: solr.DocumentAnalysisRequestHandler
Nov 21, 2012 10:11:51 PM org.apache.solr.core.RequestHandlers initHandlersFromConfig
INFO: created /analysis/field: solr.FieldAnalysisRequestHandler
Nov 21, 2012 10:11:51 PM org.apache.solr.core.RequestHandlers initHandlersFromConfig
INFO: adding lazy requestHandler: solr.CSVRequestHandler
Nov 21, 2012 10:11:51 PM org.apache.solr.core.RequestHandlers initHandlersFromConfig
INFO: created /update/csv: solr.CSVRequestHandler
Nov 21, 2012 10:11:51 PM org.apache.solr.core.RequestHandlers initHandlersFromConfig
INFO: created /admin/: org.apache.solr.handler.admin.AdminHandlers
Nov 21, 2012 10:11:51 PM org.apache.solr.core.RequestHandlers initHandlersFromConfig
INFO: created /admin/ping: PingRequestHandler
Nov 21, 2012 10:11:51 PM org.apache.solr.core.RequestHandlers initHandlersFromConfig
INFO: created /debug/dump: solr.DumpRequestHandler
Nov 21, 2012 10:11:51 PM org.apache.solr.core.RequestHandlers initHandlersFromConfig
INFO: created /mlt: solr.MoreLikeThisHandler
Nov 21, 2012 10:11:51 PM org.apache.solr.search.SolrIndexSearcher <init>
INFO: Opening Searcher@1437ab2 main
Nov 21, 2012 10:11:51 PM org.apache.solr.update.CommitTracker <init>
INFO: commitTracker AutoCommit: disabled
Nov 21, 2012 10:11:51 PM org.apache.solr.handler.component.SpellCheckComponent inform
INFO: Initializing spell checkers
Nov 21, 2012 10:11:51 PM org.apache.solr.handler.component.SpellCheckComponent inform
WARNING: No queryConverter defined, using default converter
Nov 21, 2012 10:11:51 PM org.apache.solr.handler.component.QueryElevationComponent inform
INFO: Loading QueryElevation from: C:\projects\speckles\solr\.\conf\elevate.xml
Nov 21, 2012 10:11:51 PM org.apache.solr.handler.component.SearchHandler inform
INFO: Adding  component:org.apache.solr.handler.component.QueryComponent@3d60c4
Nov 21, 2012 10:11:51 PM org.apache.solr.handler.component.SearchHandler inform
INFO: Adding  component:org.apache.solr.handler.component.FacetComponent@19beb29
Nov 21, 2012 10:11:51 PM org.apache.solr.handler.component.SearchHandler inform
INFO: Adding  component:org.apache.solr.handler.component.MoreLikeThisComponent@16c01c8
Nov 21, 2012 10:11:51 PM org.apache.solr.handler.component.SearchHandler inform
INFO: Adding  component:org.apache.solr.handler.component.HighlightComponent@1e92db2
Nov 21, 2012 10:11:51 PM org.apache.solr.handler.component.SearchHandler inform
INFO: Adding  component:org.apache.solr.handler.component.StatsComponent@1b70426
Nov 21, 2012 10:11:51 PM org.apache.solr.handler.component.SearchHandler inform
INFO: Adding  debug component:org.apache.solr.handler.component.DebugComponent@7162d9
Nov 21, 2012 10:11:51 PM org.apache.solr.handler.component.SearchHandler inform
INFO: Adding  component:org.apache.solr.handler.component.QueryComponent@3d60c4
Nov 21, 2012 10:11:51 PM org.apache.solr.handler.component.SearchHandler inform
INFO: Adding  component:org.apache.solr.handler.component.FacetComponent@19beb29
Nov 21, 2012 10:11:51 PM org.apache.solr.handler.component.SearchHandler inform
INFO: Adding  component:org.apache.solr.handler.component.MoreLikeThisComponent@16c01c8
Nov 21, 2012 10:11:51 PM org.apache.solr.handler.component.SearchHandler inform
INFO: Adding  component:org.apache.solr.handler.component.HighlightComponent@1e92db2
Nov 21, 2012 10:11:51 PM org.apache.solr.handler.component.SearchHandler inform
INFO: Adding  component:org.apache.solr.handler.component.StatsComponent@1b70426
Nov 21, 2012 10:11:51 PM org.apache.solr.handler.component.SearchHandler inform
INFO: Adding  debug component:org.apache.solr.handler.component.DebugComponent@7162d9
Nov 21, 2012 10:11:51 PM org.apache.solr.handler.component.SearchHandler inform
INFO: Adding  component:org.apache.solr.handler.component.QueryComponent@3d60c4
Nov 21, 2012 10:11:51 PM org.apache.solr.handler.component.SearchHandler inform
INFO: Adding  component:org.apache.solr.handler.component.FacetComponent@19beb29
Nov 21, 2012 10:11:51 PM org.apache.solr.handler.component.SearchHandler inform
INFO: Adding  component:org.apache.solr.handler.component.MoreLikeThisComponent@16c01c8
Nov 21, 2012 10:11:51 PM org.apache.solr.handler.component.SearchHandler inform
INFO: Adding  component:org.apache.solr.handler.component.HighlightComponent@1e92db2
Nov 21, 2012 10:11:51 PM org.apache.solr.handler.component.SearchHandler inform
INFO: Adding  component:org.apache.solr.handler.component.StatsComponent@1b70426
Nov 21, 2012 10:11:51 PM org.apache.solr.handler.component.SearchHandler inform
INFO: Adding  debug component:org.apache.solr.handler.component.DebugComponent@7162d9
Nov 21, 2012 10:11:51 PM org.apache.solr.handler.component.SearchHandler inform
INFO: Adding  component:org.apache.solr.handler.component.QueryComponent@3d60c4
Nov 21, 2012 10:11:51 PM org.apache.solr.handler.component.SearchHandler inform
INFO: Adding  component:org.apache.solr.handler.component.FacetComponent@19beb29
Nov 21, 2012 10:11:51 PM org.apache.solr.handler.component.SearchHandler inform
INFO: Adding  component:org.apache.solr.handler.component.MoreLikeThisComponent@16c01c8
Nov 21, 2012 10:11:51 PM org.apache.solr.handler.component.SearchHandler inform
INFO: Adding  component:org.apache.solr.handler.component.HighlightComponent@1e92db2
Nov 21, 2012 10:11:51 PM org.apache.solr.handler.component.SearchHandler inform
INFO: Adding  component:org.apache.solr.handler.component.StatsComponent@1b70426
Nov 21, 2012 10:11:51 PM org.apache.solr.handler.component.SearchHandler inform
INFO: Adding  component:org.apache.solr.handler.component.SpellCheckComponent@10b182
Nov 21, 2012 10:11:51 PM org.apache.solr.handler.component.SearchHandler inform
INFO: Adding  debug component:org.apache.solr.handler.component.DebugComponent@7162d9
Nov 21, 2012 10:11:51 PM org.apache.solr.handler.component.SearchHandler inform
INFO: Adding  component:org.apache.solr.handler.component.QueryComponent@3d60c4
Nov 21, 2012 10:11:51 PM org.apache.solr.handler.component.SearchHandler inform
INFO: Adding  component:org.apache.solr.handler.component.FacetComponent@19beb29
Nov 21, 2012 10:11:51 PM org.apache.solr.handler.component.SearchHandler inform
INFO: Adding  component:org.apache.solr.handler.component.MoreLikeThisComponent@16c01c8
Nov 21, 2012 10:11:51 PM org.apache.solr.handler.component.SearchHandler inform
INFO: Adding  component:org.apache.solr.handler.component.HighlightComponent@1e92db2
Nov 21, 2012 10:11:51 PM org.apache.solr.handler.component.SearchHandler inform
INFO: Adding  component:org.apache.solr.handler.component.StatsComponent@1b70426
Nov 21, 2012 10:11:51 PM org.apache.solr.handler.component.SearchHandler inform
INFO: Adding  component:org.apache.solr.handler.component.TermVectorComponent@1f5dc33
Nov 21, 2012 10:11:51 PM org.apache.solr.handler.component.SearchHandler inform
INFO: Adding  debug component:org.apache.solr.handler.component.DebugComponent@7162d9
Nov 21, 2012 10:11:51 PM org.apache.solr.handler.component.SearchHandler inform
INFO: Adding  component:org.apache.solr.handler.component.TermsComponent@4b9e67
Nov 21, 2012 10:11:51 PM org.apache.solr.core.CoreContainer register
INFO: registering core: 
Nov 21, 2012 10:11:51 PM org.apache.solr.servlet.SolrDispatchFilter init
INFO: user.dir=C:\Ruby193\lib\ruby\gems\1.9.1\gems\sunspot_solr-2.0.0.pre.120925\solr
Nov 21, 2012 10:11:51 PM org.apache.solr.servlet.SolrDispatchFilter init
INFO: SolrDispatchFilter.init() done
Nov 21, 2012 10:11:51 PM org.apache.solr.core.QuerySenderListener newSearcher
INFO: QuerySenderListener sending requests to Searcher@1437ab2 main
Nov 21, 2012 10:11:51 PM org.apache.solr.servlet.SolrServlet init
INFO: SolrServlet.init()
Nov 21, 2012 10:11:51 PM org.apache.solr.core.SolrResourceLoader locateSolrHome
INFO: JNDI not configured for solr (NoInitialContextEx)
Nov 21, 2012 10:11:51 PM org.apache.solr.core.SolrResourceLoader locateSolrHome
INFO: using system property solr.solr.home: C:/projects/speckles/solr
Nov 21, 2012 10:11:51 PM org.apache.solr.servlet.SolrServlet init
INFO: SolrServlet.init() done
Nov 21, 2012 10:11:51 PM org.apache.solr.core.SolrResourceLoader locateSolrHome
INFO: JNDI not configured for solr (NoInitialContextEx)
Nov 21, 2012 10:11:51 PM org.apache.solr.core.SolrResourceLoader locateSolrHome
INFO: using system property solr.solr.home: C:/projects/speckles/solr
Nov 21, 2012 10:11:51 PM org.apache.solr.servlet.SolrUpdateServlet init
INFO: SolrUpdateServlet.init() done
Nov 21, 2012 10:11:51 PM org.apache.solr.core.SolrCore execute
INFO: [] webapp=null path=null params={start=0&event=firstSearcher&q=solr+rocks&rows=10} hits=0 status=0 QTime=99 
Nov 21, 2012 10:11:51 PM org.apache.solr.core.SolrCore execute
INFO: [] webapp=null path=null params={event=firstSearcher&q=static+firstSearcher+warming+query+from+solrconfig.xml} hits=0 status=0 QTime=0 
Nov 21, 2012 10:11:51 PM org.apache.solr.core.QuerySenderListener newSearcher
INFO: QuerySenderListener done.
Nov 21, 2012 10:11:51 PM org.apache.solr.handler.component.SpellCheckComponent$SpellCheckerListener newSearcher
INFO: Loading spell index for spellchecker: default
Nov 21, 2012 10:11:51 PM org.apache.solr.core.SolrCore registerSearcher
INFO: [] Registered new searcher Searcher@1437ab2 main
Nov 21, 2012 10:12:18 PM org.apache.solr.request.UnInvertedField uninvert
INFO: UnInverted multi-valued field {field=tag_ids_ims,memSize=8218,tindexSize=46,time=2,phase1=2,nTerms=1,bigTerms=0,termInstances=1,uses=0}
Nov 21, 2012 10:12:18 PM org.apache.solr.core.SolrCore execute
INFO: [] webapp=/solr path=/select params={facet=true&start=0&q=*:*&facet.field=tag_ids_ims&wt=ruby&f.tag_ids_ims.facet.mincount=1&fq=type:Scenario&fq=feature_id_str_s:1&fq=tag_ids_ims:(1)&rows=500} hits=1 status=0 QTime=39 
Nov 21, 2012 10:12:22 PM org.apache.solr.core.SolrCore execute
INFO: [] webapp=/solr path=/select params={facet=true&start=0&q=*:*&facet.field=tag_ids_ims&wt=ruby&f.tag_ids_ims.facet.mincount=1&fq=type:Scenario&fq=feature_id_str_s:1&rows=500} hits=3 status=0 QTime=1 
Nov 21, 2012 10:12:24 PM org.apache.solr.core.SolrCore execute
INFO: [] webapp=/solr path=/select params={facet=true&start=0&q=*:*&facet.field=tag_ids_ims&wt=ruby&f.tag_ids_ims.facet.mincount=1&fq=type:Scenario&fq=feature_id_str_s:1&fq=tag_ids_ims:(1)&rows=500} hits=1 status=0 QTime=2 
Nov 21, 2012 10:14:41 PM org.apache.solr.core.SolrCore execute
INFO: [] webapp=/solr path=/select params={facet=true&start=0&q=*:*&facet.field=tag_ids_ims&wt=ruby&f.tag_ids_ims.facet.mincount=1&fq=type:Scenario&fq=feature_id_str_s:1&rows=500} hits=3 status=0 QTime=0 
Nov 21, 2012 10:14:43 PM org.apache.solr.core.SolrCore execute
INFO: [] webapp=/solr path=/select params={facet=true&start=0&q=*:*&facet.field=tag_ids_ims&wt=ruby&f.tag_ids_ims.facet.mincount=1&fq=type:Scenario&fq=feature_id_str_s:1&fq=tag_ids_ims:(1)&rows=500} hits=1 status=0 QTime=1 
Nov 21, 2012 10:14:45 PM org.apache.solr.core.SolrCore execute
INFO: [] webapp=/solr path=/select params={facet=true&start=0&q=*:*&facet.field=tag_ids_ims&wt=ruby&f.tag_ids_ims.facet.mincount=1&fq=type:Scenario&fq=feature_id_str_s:1&rows=500} hits=3 status=0 QTime=0 
Nov 21, 2012 10:14:59 PM org.apache.solr.core.SolrCore execute
INFO: [] webapp=/solr path=/select params={mm=1&facet=true&group.ngroups=true&group.limit=6&qf=name_texts+description_text+feature_name_texts&hl.simple.pre=@@@hl@@@&hl.fl=name_texts&wt=ruby&hl=on&defType=dismax&rows=30&fl=*+score&start=0&q=topology&group.field=feature_id_str_s&hl.simple.post=@@@endhl@@@&group=true&facet.field=tag_ids_ims&f.tag_ids_ims.facet.mincount=1&fq=type:Scenario} hits=204 status=0 QTime=121 
Nov 21, 2012 10:15:07 PM org.apache.solr.core.SolrCore execute
INFO: [] webapp=/solr path=/select params={mm=1&facet=true&qf=name_texts+description_text+feature_name_texts&hl.simple.pre=@@@hl@@@&hl.fl=name_texts&wt=ruby&hl=on&defType=dismax&rows=500&fl=*+score&start=0&q=topology&hl.simple.post=@@@endhl@@@&facet.field=tag_ids_ims&f.tag_ids_ims.facet.mincount=1&fq=type:Scenario&fq=feature_id_str_s:56} hits=6 status=0 QTime=3 
Nov 21, 2012 10:16:15 PM org.apache.solr.core.SolrCore execute
INFO: [] webapp=/solr path=/select params={mm=1&facet=true&qf=name_texts+description_text+feature_name_texts&hl.simple.pre=@@@hl@@@&hl.fl=name_texts&wt=ruby&hl=on&defType=dismax&rows=500&fl=*+score&start=0&q=topology&hl.simple.post=@@@endhl@@@&facet.field=tag_ids_ims&f.tag_ids_ims.facet.mincount=1&fq=type:Scenario&fq=feature_id_str_s:53} hits=8 status=0 QTime=4 
Nov 21, 2012 10:16:40 PM org.apache.solr.core.SolrCore execute
INFO: [] webapp=/solr path=/select params={facet=true&start=0&q=*:*&facet.field=tag_ids_ims&wt=ruby&f.tag_ids_ims.facet.mincount=1&fq=type:Scenario&fq=feature_id_str_s:4&rows=500} hits=151 status=0 QTime=2 
Nov 21, 2012 10:16:49 PM org.apache.solr.core.SolrCore execute
INFO: [] webapp=/solr path=/select params={mm=1&facet=true&qf=name_texts+description_text+feature_name_texts&hl.simple.pre=@@@hl@@@&hl.fl=name_texts&wt=ruby&hl=on&defType=dismax&rows=500&fl=*+score&start=0&q=topology&hl.simple.post=@@@endhl@@@&facet.field=tag_ids_ims&f.tag_ids_ims.facet.mincount=1&fq=type:Scenario&fq=feature_id_str_s:4} hits=24 status=0 QTime=6 
Nov 21, 2012 10:17:07 PM org.apache.solr.core.SolrCore execute
INFO: [] webapp=/solr path=/select params={mm=1&facet=true&group.ngroups=true&group.limit=6&qf=name_texts+description_text+feature_name_texts&hl.simple.pre=@@@hl@@@&hl.fl=name_texts&wt=ruby&hl=on&defType=dismax&rows=30&fl=*+score&start=0&q=topolog&group.field=feature_id_str_s&hl.simple.post=@@@endhl@@@&group=true&facet.field=tag_ids_ims&f.tag_ids_ims.facet.mincount=1&fq=type:Scenario} hits=204 status=0 QTime=26 
Nov 21, 2012 10:17:10 PM org.apache.solr.core.SolrCore execute
INFO: [] webapp=/solr path=/select params={mm=1&facet=true&group.ngroups=true&group.limit=6&qf=name_texts+description_text+feature_name_texts&hl.simple.pre=@@@hl@@@&hl.fl=name_texts&wt=ruby&hl=on&defType=dismax&rows=30&fl=*+score&start=0&q=topology&group.field=feature_id_str_s&hl.simple.post=@@@endhl@@@&group=true&facet.field=tag_ids_ims&f.tag_ids_ims.facet.mincount=1&fq=type:Scenario} hits=204 status=0 QTime=37 
Nov 23, 2012 10:36:08 AM org.apache.solr.core.SolrCore execute
INFO: [] webapp=/solr path=/select params={mm=1&facet=true&qf=name_texts+description_text+feature_name_texts&hl.simple.pre=@@@hl@@@&hl.fl=name_texts&wt=ruby&hl=on&defType=dismax&rows=500&fl=*+score&start=0&q=topology&hl.simple.post=@@@endhl@@@&facet.field=tag_ids_ims&f.tag_ids_ims.facet.mincount=1&fq=type:Scenario&fq=feature_id_str_s:4} hits=24 status=0 QTime=68 
Nov 23, 2012 10:36:08 AM org.apache.solr.core.SolrCore execute
INFO: [] webapp=/solr path=/select params={mm=1&facet=true&qf=name_texts+description_text+feature_name_texts&hl.simple.pre=@@@hl@@@&hl.fl=name_texts&wt=ruby&hl=on&defType=dismax&rows=500&fl=*+score&start=0&q=topology&hl.simple.post=@@@endhl@@@&facet.field=tag_ids_ims&f.tag_ids_ims.facet.mincount=1&fq=type:Scenario&fq=feature_id_str_s:4} hits=24 status=0 QTime=3 
Nov 23, 2012 10:36:14 AM org.apache.solr.core.SolrCore execute
INFO: [] webapp=/solr path=/select params={mm=1&facet=true&group.ngroups=true&group.limit=6&qf=name_texts+description_text+feature_name_texts&hl.simple.pre=@@@hl@@@&hl.fl=name_texts&wt=ruby&hl=on&defType=dismax&rows=30&fl=*+score&start=0&q=topology&group.field=feature_id_str_s&hl.simple.post=@@@endhl@@@&group=true&facet.field=tag_ids_ims&f.tag_ids_ims.facet.mincount=1&fq=type:Scenario} hits=204 status=0 QTime=21 
Nov 23, 2012 10:36:15 AM org.apache.solr.core.SolrCore execute
INFO: [] webapp=/solr path=/select params={mm=1&facet=true&group.ngroups=true&group.limit=6&qf=name_texts+description_text+feature_name_texts&hl.simple.pre=@@@hl@@@&hl.fl=name_texts&wt=ruby&hl=on&defType=dismax&rows=30&fl=*+score&start=0&q=topology&group.field=feature_id_str_s&hl.simple.post=@@@endhl@@@&group=true&facet.field=tag_ids_ims&f.tag_ids_ims.facet.mincount=1&fq=type:Scenario} hits=204 status=0 QTime=24 
Nov 23, 2012 10:36:17 AM org.apache.solr.core.SolrCore execute
INFO: [] webapp=/solr path=/select params={mm=1&facet=true&qf=name_texts+description_text+feature_name_texts&hl.simple.pre=@@@hl@@@&hl.fl=name_texts&wt=ruby&hl=on&defType=dismax&rows=500&fl=*+score&start=0&q=topology&hl.simple.post=@@@endhl@@@&facet.field=tag_ids_ims&f.tag_ids_ims.facet.mincount=1&fq=type:Scenario&fq=feature_id_str_s:4} hits=24 status=0 QTime=3 
Nov 23, 2012 10:36:19 AM org.apache.solr.core.SolrCore execute
INFO: [] webapp=/solr path=/select params={mm=1&facet=true&group.ngroups=true&group.limit=6&qf=name_texts+description_text+feature_name_texts&hl.simple.pre=@@@hl@@@&hl.fl=name_texts&wt=ruby&hl=on&defType=dismax&rows=30&fl=*+score&start=0&q=topology&group.field=feature_id_str_s&hl.simple.post=@@@endhl@@@&group=true&facet.field=tag_ids_ims&f.tag_ids_ims.facet.mincount=1&fq=type:Scenario} hits=204 status=0 QTime=14 
Nov 23, 2012 10:36:20 AM org.apache.solr.core.SolrCore execute
INFO: [] webapp=/solr path=/select params={mm=1&facet=true&qf=name_texts+description_text+feature_name_texts&hl.simple.pre=@@@hl@@@&hl.fl=name_texts&wt=ruby&hl=on&defType=dismax&rows=500&fl=*+score&start=0&q=topology&hl.simple.post=@@@endhl@@@&facet.field=tag_ids_ims&f.tag_ids_ims.facet.mincount=1&fq=type:Scenario&fq=feature_id_str_s:4} hits=24 status=0 QTime=3 
Nov 23, 2012 10:36:25 AM org.apache.solr.core.SolrCore execute
INFO: [] webapp=/solr path=/select params={mm=1&facet=true&qf=name_texts+description_text+feature_name_texts&hl.simple.pre=@@@hl@@@&hl.fl=name_texts&wt=ruby&hl=on&defType=dismax&rows=500&fl=*+score&start=0&q=topology&hl.simple.post=@@@endhl@@@&facet.field=tag_ids_ims&f.tag_ids_ims.facet.mincount=1&fq=type:Scenario&fq=feature_id_str_s:4} hits=24 status=0 QTime=3 
Nov 23, 2012 10:37:38 AM org.apache.solr.core.SolrCore execute
INFO: [] webapp=/solr path=/select params={mm=1&facet=true&qf=name_texts+description_text+feature_name_texts&hl.simple.pre=@@@hl@@@&hl.fl=name_texts&wt=ruby&hl=on&defType=dismax&rows=500&fl=*+score&start=0&q=topology&hl.simple.post=@@@endhl@@@&facet.field=tag_ids_ims&f.tag_ids_ims.facet.mincount=1&fq=type:Scenario&fq=feature_id_str_s:56} hits=6 status=0 QTime=2 
Nov 23, 2012 10:37:41 AM org.apache.solr.core.SolrCore execute
INFO: [] webapp=/solr path=/select params={mm=1&facet=true&qf=name_texts+description_text+feature_name_texts&hl.simple.pre=@@@hl@@@&hl.fl=name_texts&wt=ruby&hl=on&defType=dismax&rows=500&fl=*+score&start=0&q=topology&hl.simple.post=@@@endhl@@@&facet.field=tag_ids_ims&f.tag_ids_ims.facet.mincount=1&fq=type:Scenario&fq=feature_id_str_s:56} hits=6 status=0 QTime=2 
Nov 23, 2012 10:37:44 AM org.apache.solr.core.SolrCore execute
INFO: [] webapp=/solr path=/select params={mm=1&facet=true&qf=name_texts+description_text+feature_name_texts&hl.simple.pre=@@@hl@@@&hl.fl=name_texts&wt=ruby&hl=on&defType=dismax&rows=500&fl=*+score&start=0&q=topology&hl.simple.post=@@@endhl@@@&facet.field=tag_ids_ims&f.tag_ids_ims.facet.mincount=1&fq=type:Scenario&fq=feature_id_str_s:4} hits=24 status=0 QTime=2 
Nov 23, 2012 10:39:50 AM org.apache.solr.core.SolrCore execute
INFO: [] webapp=/solr path=/select params={mm=1&facet=true&group.ngroups=true&group.limit=6&qf=name_texts+description_text+feature_name_texts&hl.simple.pre=@@@hl@@@&hl.fl=name_texts&wt=ruby&hl=on&defType=dismax&rows=30&fl=*+score&start=0&q=topology&group.field=feature_id_str_s&hl.simple.post=@@@endhl@@@&group=true&facet.field=tag_ids_ims&f.tag_ids_ims.facet.mincount=1&fq=type:Scenario&fq=tag_ids_ims:(1)} hits=1 status=0 QTime=2 
Nov 23, 2012 10:39:53 AM org.apache.solr.core.SolrCore execute
INFO: [] webapp=/solr path=/select params={mm=1&facet=true&group.ngroups=true&group.limit=6&qf=name_texts+description_text+feature_name_texts&hl.simple.pre=@@@hl@@@&hl.fl=name_texts&wt=ruby&hl=on&defType=dismax&rows=30&fl=*+score&start=0&q=topology&group.field=feature_id_str_s&hl.simple.post=@@@endhl@@@&group=true&facet.field=tag_ids_ims&f.tag_ids_ims.facet.mincount=1&fq=type:Scenario} hits=204 status=0 QTime=51 
Nov 23, 2012 10:40:08 AM org.apache.solr.core.SolrCore execute
INFO: [] webapp=/solr path=/select params={mm=1&facet=true&group.ngroups=true&group.limit=6&qf=name_texts+description_text+feature_name_texts&hl.simple.pre=@@@hl@@@&hl.fl=name_texts&wt=ruby&hl=on&defType=dismax&rows=30&fl=*+score&start=0&q=command&group.field=feature_id_str_s&hl.simple.post=@@@endhl@@@&group=true&facet.field=tag_ids_ims&f.tag_ids_ims.facet.mincount=1&fq=type:Scenario} hits=45 status=0 QTime=7 
Nov 23, 2012 10:41:40 AM org.apache.solr.core.SolrCore execute
INFO: [] webapp=/solr path=/select params={mm=1&facet=true&group.ngroups=true&group.limit=6&qf=name_texts+description_text+feature_name_texts&hl.simple.pre=@@@hl@@@&hl.fl=name_texts&wt=ruby&hl=on&defType=dismax&rows=30&fl=*+score&start=0&q=topology&group.field=feature_id_str_s&hl.simple.post=@@@endhl@@@&group=true&facet.field=tag_ids_ims&f.tag_ids_ims.facet.mincount=1&fq=type:Scenario} hits=204 status=0 QTime=18 
Nov 23, 2012 10:41:43 AM org.apache.solr.core.SolrCore execute
INFO: [] webapp=/solr path=/select params={mm=1&facet=true&qf=name_texts+description_text+feature_name_texts&hl.simple.pre=@@@hl@@@&hl.fl=name_texts&wt=ruby&hl=on&defType=dismax&rows=500&fl=*+score&start=0&q=topology&hl.simple.post=@@@endhl@@@&facet.field=tag_ids_ims&f.tag_ids_ims.facet.mincount=1&fq=type:Scenario&fq=feature_id_str_s:4} hits=24 status=0 QTime=2 
Nov 23, 2012 10:57:12 AM org.apache.solr.core.SolrCore execute
INFO: [] webapp=/solr path=/select params={mm=1&facet=true&qf=name_texts+description_text+feature_name_texts&hl.simple.pre=@@@hl@@@&hl.fl=name_texts&wt=ruby&hl=on&defType=dismax&rows=500&fl=*+score&start=0&q=topology&hl.simple.post=@@@endhl@@@&facet.field=tag_ids_ims&f.tag_ids_ims.facet.mincount=1&fq=type:Scenario&fq=feature_id_str_s:4} hits=24 status=0 QTime=3 
Nov 23, 2012 8:27:36 PM org.apache.solr.core.SolrCore execute
INFO: [] webapp=/solr path=/select params={mm=1&facet=true&group.ngroups=true&group.limit=6&qf=name_texts+description_text+feature_name_texts&hl.simple.pre=@@@hl@@@&hl.fl=name_texts&wt=ruby&hl=on&defType=dismax&rows=30&fl=*+score&start=0&q=topology&group.field=feature_id_str_s&hl.simple.post=@@@endhl@@@&group=true&facet.field=tag_ids_ims&f.tag_ids_ims.facet.mincount=1&fq=type:Scenario} hits=204 status=0 QTime=109 
Nov 23, 2012 8:27:41 PM org.apache.solr.core.SolrCore execute
INFO: [] webapp=/solr path=/select params={mm=1&facet=true&group.ngroups=true&group.limit=6&qf=name_texts+description_text+feature_name_texts&hl.simple.pre=@@@hl@@@&hl.fl=name_texts&wt=ruby&hl=on&defType=dismax&rows=30&fl=*+score&start=0&q=topology&group.field=feature_id_str_s&hl.simple.post=@@@endhl@@@&group=true&facet.field=tag_ids_ims&f.tag_ids_ims.facet.mincount=1&fq=type:Scenario&fq=tag_ids_ims:(1)} hits=1 status=0 QTime=2 
Nov 23, 2012 8:27:44 PM org.apache.solr.core.SolrCore execute
INFO: [] webapp=/solr path=/select params={facet=true&start=0&q=*:*&facet.field=tag_ids_ims&wt=ruby&f.tag_ids_ims.facet.mincount=1&fq=type:Scenario&fq=feature_id_str_s:1&rows=500} hits=3 status=0 QTime=0 
Nov 24, 2012 1:13:18 PM org.apache.solr.core.SolrCore execute
INFO: [] webapp=/solr path=/select params={facet=true&start=0&q=*:*&facet.field=tag_ids_ims&wt=ruby&f.tag_ids_ims.facet.mincount=1&fq=type:Scenario&fq=feature_id_str_s:1&rows=500} hits=3 status=0 QTime=2 
Nov 24, 2012 1:16:58 PM org.apache.solr.core.SolrCore execute
INFO: [] webapp=/solr path=/select params={mm=1&facet=true&group.ngroups=true&group.limit=6&qf=name_texts+description_text+feature_name_texts&hl.simple.pre=@@@hl@@@&hl.fl=name_texts&wt=ruby&hl=on&defType=dismax&rows=30&fl=*+score&start=0&q=topl&group.field=feature_id_str_s&hl.simple.post=@@@endhl@@@&group=true&facet.field=tag_ids_ims&f.tag_ids_ims.facet.mincount=1&fq=type:Scenario} hits=0 status=0 QTime=25 
Nov 24, 2012 1:16:59 PM org.apache.solr.core.SolrCore execute
INFO: [] webapp=/solr path=/select params={mm=1&facet=true&group.ngroups=true&group.limit=6&qf=name_texts+description_text+feature_name_texts&hl.simple.pre=@@@hl@@@&hl.fl=name_texts&wt=ruby&hl=on&defType=dismax&rows=30&fl=*+score&start=0&q=toplogy&group.field=feature_id_str_s&hl.simple.post=@@@endhl@@@&group=true&facet.field=tag_ids_ims&f.tag_ids_ims.facet.mincount=1&fq=type:Scenario} hits=0 status=0 QTime=2 
Nov 24, 2012 1:17:05 PM org.apache.solr.core.SolrCore execute
INFO: [] webapp=/solr path=/select params={mm=1&facet=true&group.ngroups=true&group.limit=6&qf=name_texts+description_text+feature_name_texts&hl.simple.pre=@@@hl@@@&hl.fl=name_texts&wt=ruby&hl=on&defType=dismax&rows=30&fl=*+score&start=0&q=topology&group.field=feature_id_str_s&hl.simple.post=@@@endhl@@@&group=true&facet.field=tag_ids_ims&f.tag_ids_ims.facet.mincount=1&fq=type:Scenario} hits=204 status=0 QTime=29 
Nov 24, 2012 1:17:19 PM org.apache.solr.core.SolrCore execute
INFO: [] webapp=/solr path=/select params={mm=1&facet=true&qf=name_texts+description_text+feature_name_texts&hl.simple.pre=@@@hl@@@&hl.fl=name_texts&wt=ruby&hl=on&defType=dismax&rows=500&fl=*+score&start=0&q=topology&hl.simple.post=@@@endhl@@@&facet.field=tag_ids_ims&f.tag_ids_ims.facet.mincount=1&fq=type:Scenario&fq=feature_id_str_s:56} hits=6 status=0 QTime=5 
Nov 24, 2012 1:18:07 PM org.apache.solr.core.SolrCore execute
INFO: [] webapp=/solr path=/select params={mm=1&facet=true&group.ngroups=true&group.limit=6&qf=name_texts+description_text+feature_name_texts&hl.simple.pre=@@@hl@@@&hl.fl=name_texts&wt=ruby&hl=on&defType=dismax&rows=30&fl=*+score&start=0&q=topology&group.field=feature_id_str_s&hl.simple.post=@@@endhl@@@&group=true&facet.field=tag_ids_ims&f.tag_ids_ims.facet.mincount=1&fq=type:Scenario} hits=204 status=0 QTime=44 
Nov 24, 2012 1:18:34 PM org.apache.solr.core.SolrCore execute
INFO: [] webapp=/solr path=/select params={mm=1&facet=true&qf=name_texts+description_text+feature_name_texts&hl.simple.pre=@@@hl@@@&hl.fl=name_texts&wt=ruby&hl=on&defType=dismax&rows=500&fl=*+score&start=0&q=topology&hl.simple.post=@@@endhl@@@&facet.field=tag_ids_ims&f.tag_ids_ims.facet.mincount=1&fq=type:Scenario&fq=feature_id_str_s:4} hits=24 status=0 QTime=5 
Nov 24, 2012 1:18:43 PM org.apache.solr.core.SolrCore execute
INFO: [] webapp=/solr path=/select params={mm=1&facet=true&group.ngroups=true&group.limit=6&qf=name_texts+description_text+feature_name_texts&hl.simple.pre=@@@hl@@@&hl.fl=name_texts&wt=ruby&hl=on&defType=dismax&rows=30&fl=*+score&start=0&q=topology&group.field=feature_id_str_s&hl.simple.post=@@@endhl@@@&group=true&facet.field=tag_ids_ims&f.tag_ids_ims.facet.mincount=1&fq=type:Scenario&fq=tag_ids_ims:(1)} hits=1 status=0 QTime=3 
Nov 24, 2012 1:18:46 PM org.apache.solr.core.SolrCore execute
INFO: [] webapp=/solr path=/select params={mm=1&facet=true&group.ngroups=true&group.limit=6&qf=name_texts+description_text+feature_name_texts&hl.simple.pre=@@@hl@@@&hl.fl=name_texts&wt=ruby&hl=on&defType=dismax&rows=30&fl=*+score&start=0&q=topology&group.field=feature_id_str_s&hl.simple.post=@@@endhl@@@&group=true&facet.field=tag_ids_ims&f.tag_ids_ims.facet.mincount=1&fq=type:Scenario} hits=204 status=0 QTime=25 
Nov 24, 2012 1:20:25 PM org.apache.solr.core.SolrCore execute
INFO: [] webapp=/solr path=/select params={mm=1&facet=true&qf=name_texts+description_text+feature_name_texts&hl.simple.pre=@@@hl@@@&hl.fl=name_texts&wt=ruby&hl=on&defType=dismax&rows=500&fl=*+score&start=0&q=topology&hl.simple.post=@@@endhl@@@&facet.field=tag_ids_ims&f.tag_ids_ims.facet.mincount=1&fq=type:Scenario&fq=feature_id_str_s:4} hits=24 status=0 QTime=5 
Nov 24, 2012 1:27:05 PM org.apache.solr.core.SolrCore execute
INFO: [] webapp=/solr path=/select params={mm=1&facet=true&qf=name_texts+description_text+feature_name_texts&hl.simple.pre=@@@hl@@@&hl.fl=name_texts&wt=ruby&hl=on&defType=dismax&rows=500&fl=*+score&start=0&q=topology&hl.simple.post=@@@endhl@@@&facet.field=tag_ids_ims&f.tag_ids_ims.facet.mincount=1&fq=type:Scenario&fq=feature_id_str_s:4} hits=24 status=0 QTime=13 
